position in cm, Tmat and Trad in eV
1 0.02E-9 1 1 2
960
0.0
x tmat trad param
2.604167E-03  6.219076E+02  8.016031E+02
7.812500E-03  6.194879E+02  7.993934E+02
1.302083E-02  6.170720E+02  7.971823E+02
1.822917E-02  6.146598E+02  7.949700E+02
2.343750E-02  6.122513E+02  7.927564E+02
2.864583E-02  6.098466E+02  7.905416E+02
3.385417E-02  6.074461E+02  7.883259E+02
3.906250E-02  6.050491E+02  7.861088E+02
4.427083E-02  6.026552E+02  7.838902E+02
4.947917E-02  6.002658E+02  7.816709E+02
5.468750E-02  5.978803E+02  7.794505E+02
5.989583E-02  5.954987E+02  7.772291E+02
6.510417E-02  5.931210E+02  7.750067E+02
7.031250E-02  5.907473E+02  7.727833E+02
7.552083E-02  5.883775E+02  7.705589E+02
8.072917E-02  5.860117E+02  7.683337E+02
8.593750E-02  5.836500E+02  7.661075E+02
9.114583E-02  5.812922E+02  7.638806E+02
9.635417E-02  5.789385E+02  7.616528E+02
1.015625E-01  5.765889E+02  7.594242E+02
1.067708E-01  5.742433E+02  7.571949E+02
1.119792E-01  5.719019E+02  7.549648E+02
1.171875E-01  5.695646E+02  7.527341E+02
1.223958E-01  5.672314E+02  7.505026E+02
1.276042E-01  5.649024E+02  7.482706E+02
1.328125E-01  5.625776E+02  7.460379E+02
1.380208E-01  5.602570E+02  7.438047E+02
1.432292E-01  5.579406E+02  7.415709E+02
1.484375E-01  5.556284E+02  7.393366E+02
1.536458E-01  5.533205E+02  7.371019E+02
1.588542E-01  5.510169E+02  7.348666E+02
1.640625E-01  5.487176E+02  7.326310E+02
1.692708E-01  5.464225E+02  7.303950E+02
1.744792E-01  5.441318E+02  7.281586E+02
1.796875E-01  5.418455E+02  7.259219E+02
1.848958E-01  5.395636E+02  7.236848E+02
1.901042E-01  5.372860E+02  7.214476E+02
1.953125E-01  5.350128E+02  7.192100E+02
2.005208E-01  5.327440E+02  7.169723E+02
2.057292E-01  5.304797E+02  7.147344E+02
2.109375E-01  5.282199E+02  7.124964E+02
2.161458E-01  5.259645E+02  7.102583E+02
2.213542E-01  5.237136E+02  7.080200E+02
2.265625E-01  5.214672E+02  7.057817E+02
2.317708E-01  5.192254E+02  7.035434E+02
2.369792E-01  5.169880E+02  7.013052E+02
2.421875E-01  5.147553E+02  6.990669E+02
2.473958E-01  5.125271E+02  6.968288E+02
2.526042E-01  5.103035E+02  6.945907E+02
2.578125E-01  5.080845E+02  6.923528E+02
2.630208E-01  5.058702E+02  6.901150E+02
2.682292E-01  5.036605E+02  6.878775E+02
2.734375E-01  5.014554E+02  6.856401E+02
2.786458E-01  4.992550E+02  6.834031E+02
2.838542E-01  4.970594E+02  6.811663E+02
2.890625E-01  4.948684E+02  6.789299E+02
2.942708E-01  4.926820E+02  6.766937E+02
2.994792E-01  4.905004E+02  6.744580E+02
3.046875E-01  4.883237E+02  6.722227E+02
3.098958E-01  4.861517E+02  6.699879E+02
3.151042E-01  4.839845E+02  6.677536E+02
3.203125E-01  4.818220E+02  6.655197E+02
3.255208E-01  4.796645E+02  6.632864E+02
3.307292E-01  4.775117E+02  6.610537E+02
3.359375E-01  4.753637E+02  6.588216E+02
3.411458E-01  4.732206E+02  6.565901E+02
3.463542E-01  4.710825E+02  6.543593E+02
3.515625E-01  4.689492E+02  6.521292E+02
3.567708E-01  4.668208E+02  6.498998E+02
3.619792E-01  4.646972E+02  6.476712E+02
3.671875E-01  4.625787E+02  6.454434E+02
3.723958E-01  4.604650E+02  6.432164E+02
3.776042E-01  4.583563E+02  6.409903E+02
3.828125E-01  4.562526E+02  6.387650E+02
3.880208E-01  4.541539E+02  6.365407E+02
3.932292E-01  4.520602E+02  6.343173E+02
3.984375E-01  4.499714E+02  6.320950E+02
4.036458E-01  4.478877E+02  6.298736E+02
4.088542E-01  4.458091E+02  6.276533E+02
4.140625E-01  4.437355E+02  6.254340E+02
4.192708E-01  4.416670E+02  6.232159E+02
4.244792E-01  4.396035E+02  6.209989E+02
4.296875E-01  4.375451E+02  6.187831E+02
4.348958E-01  4.354919E+02  6.165685E+02
4.401042E-01  4.334437E+02  6.143551E+02
4.453125E-01  4.314007E+02  6.121430E+02
4.505208E-01  4.293627E+02  6.099321E+02
4.557292E-01  4.273300E+02  6.077227E+02
4.609375E-01  4.253024E+02  6.055145E+02
4.661458E-01  4.232800E+02  6.033078E+02
4.713542E-01  4.212628E+02  6.011025E+02
4.765625E-01  4.192507E+02  5.988986E+02
4.817708E-01  4.172439E+02  5.966963E+02
4.869792E-01  4.152423E+02  5.944954E+02
4.921875E-01  4.132459E+02  5.922961E+02
4.973958E-01  4.112548E+02  5.900984E+02
5.026042E-01  4.092689E+02  5.879023E+02
5.078125E-01  4.072883E+02  5.857079E+02
5.130208E-01  4.053130E+02  5.835151E+02
5.182292E-01  4.033429E+02  5.813240E+02
5.234375E-01  4.013781E+02  5.791346E+02
5.286458E-01  3.994175E+02  5.769467E+02
5.338542E-01  3.974634E+02  5.747609E+02
5.390625E-01  3.955146E+02  5.725770E+02
5.442708E-01  3.935722E+02  5.703953E+02
5.494792E-01  3.916340E+02  5.682151E+02
5.546875E-01  3.897012E+02  5.660368E+02
5.598958E-01  3.877738E+02  5.638605E+02
5.651042E-01  3.858517E+02  5.616861E+02
5.703125E-01  3.839350E+02  5.595138E+02
5.755208E-01  3.820237E+02  5.573436E+02
5.807292E-01  3.801178E+02  5.551754E+02
5.859375E-01  3.782173E+02  5.530093E+02
5.911458E-01  3.763223E+02  5.508453E+02
5.963542E-01  3.744326E+02  5.486835E+02
6.015625E-01  3.725484E+02  5.465240E+02
6.067708E-01  3.706696E+02  5.443666E+02
6.119792E-01  3.687963E+02  5.422115E+02
6.171875E-01  3.669284E+02  5.400587E+02
6.223958E-01  3.650660E+02  5.379083E+02
6.276042E-01  3.632091E+02  5.357601E+02
6.328125E-01  3.613577E+02  5.336144E+02
6.380208E-01  3.595117E+02  5.314711E+02
6.432292E-01  3.576713E+02  5.293302E+02
6.484375E-01  3.558363E+02  5.271918E+02
6.536458E-01  3.540069E+02  5.250559E+02
6.588542E-01  3.521829E+02  5.229225E+02
6.640625E-01  3.503645E+02  5.207917E+02
6.692708E-01  3.485516E+02  5.186634E+02
6.744792E-01  3.467443E+02  5.165378E+02
6.796875E-01  3.449425E+02  5.144149E+02
6.848958E-01  3.431462E+02  5.122946E+02
6.901042E-01  3.413555E+02  5.101770E+02
6.953125E-01  3.395704E+02  5.080622E+02
7.005208E-01  3.377908E+02  5.059501E+02
7.057292E-01  3.360169E+02  5.038409E+02
7.109375E-01  3.342484E+02  5.017344E+02
7.161458E-01  3.324856E+02  4.996309E+02
7.213542E-01  3.307284E+02  4.975302E+02
7.265625E-01  3.289768E+02  4.954324E+02
7.317708E-01  3.272307E+02  4.933375E+02
7.369792E-01  3.254903E+02  4.912457E+02
7.421875E-01  3.237555E+02  4.891568E+02
7.473958E-01  3.220263E+02  4.870710E+02
7.526042E-01  3.203027E+02  4.849882E+02
7.578125E-01  3.185847E+02  4.829085E+02
7.630208E-01  3.168724E+02  4.808319E+02
7.682292E-01  3.151657E+02  4.787585E+02
7.734375E-01  3.134646E+02  4.766882E+02
7.786458E-01  3.117692E+02  4.746211E+02
7.838542E-01  3.100794E+02  4.725573E+02
7.890625E-01  3.083952E+02  4.704967E+02
7.942708E-01  3.067168E+02  4.684394E+02
7.994792E-01  3.050439E+02  4.663854E+02
8.046875E-01  3.033768E+02  4.643347E+02
8.098958E-01  3.017153E+02  4.622874E+02
8.151042E-01  3.000594E+02  4.602435E+02
8.203125E-01  2.984092E+02  4.582030E+02
8.255208E-01  2.967647E+02  4.561659E+02
8.307292E-01  2.951259E+02  4.541323E+02
8.359375E-01  2.934927E+02  4.521022E+02
8.411458E-01  2.918653E+02  4.500757E+02
8.463542E-01  2.902435E+02  4.480526E+02
8.515625E-01  2.886273E+02  4.460332E+02
8.567708E-01  2.870169E+02  4.440174E+02
8.619792E-01  2.854122E+02  4.420052E+02
8.671875E-01  2.838131E+02  4.399966E+02
8.723958E-01  2.822197E+02  4.379917E+02
8.776042E-01  2.806320E+02  4.359906E+02
8.828125E-01  2.790500E+02  4.339931E+02
8.880208E-01  2.774502E+02  4.319932E+02
8.932292E-01  2.759031E+02  4.300096E+02
8.984375E-01  2.743382E+02  4.280235E+02
9.036458E-01  2.727790E+02  4.260412E+02
9.088542E-01  2.712255E+02  4.240628E+02
9.140625E-01  2.696776E+02  4.220883E+02
9.192708E-01  2.681354E+02  4.201177E+02
9.244792E-01  2.665990E+02  4.181510E+02
9.296875E-01  2.650682E+02  4.161883E+02
9.348958E-01  2.635432E+02  4.142296E+02
9.401042E-01  2.620239E+02  4.122748E+02
9.453125E-01  2.605102E+02  4.103241E+02
9.505208E-01  2.590023E+02  4.083775E+02
9.557292E-01  2.575000E+02  4.064349E+02
9.609375E-01  2.560034E+02  4.044964E+02
9.661458E-01  2.545126E+02  4.025620E+02
9.713542E-01  2.530274E+02  4.006318E+02
9.765625E-01  2.515479E+02  3.987058E+02
9.817708E-01  2.500741E+02  3.967839E+02
9.869792E-01  2.486060E+02  3.948663E+02
9.921875E-01  2.471436E+02  3.929529E+02
9.973958E-01  2.456869E+02  3.910437E+02
1.002604E+00  2.442359E+02  3.891388E+02
1.007813E+00  2.427905E+02  3.872383E+02
1.013021E+00  2.413508E+02  3.853420E+02
1.018229E+00  2.399168E+02  3.834501E+02
1.023438E+00  2.384886E+02  3.815626E+02
1.028646E+00  2.370659E+02  3.796794E+02
1.033854E+00  2.356489E+02  3.778007E+02
1.039063E+00  2.342374E+02  3.759264E+02
1.044271E+00  2.328318E+02  3.740565E+02
1.049479E+00  2.314318E+02  3.721911E+02
1.054688E+00  2.300375E+02  3.703302E+02
1.059896E+00  2.286489E+02  3.684739E+02
1.065104E+00  2.272659E+02  3.666220E+02
1.070313E+00  2.258886E+02  3.647747E+02
1.075521E+00  2.245169E+02  3.629320E+02
1.080729E+00  2.231508E+02  3.610939E+02
1.085938E+00  2.217904E+02  3.592603E+02
1.091146E+00  2.204357E+02  3.574314E+02
1.096354E+00  2.190866E+02  3.556072E+02
1.101563E+00  2.177431E+02  3.537876E+02
1.106771E+00  2.164052E+02  3.519727E+02
1.111979E+00  2.150730E+02  3.501626E+02
1.117188E+00  2.137463E+02  3.483571E+02
1.122396E+00  2.124253E+02  3.465564E+02
1.127604E+00  2.111099E+02  3.447604E+02
1.132813E+00  2.098002E+02  3.429693E+02
1.138021E+00  2.084960E+02  3.411829E+02
1.143229E+00  2.071974E+02  3.394013E+02
1.148438E+00  2.059044E+02  3.376246E+02
1.153646E+00  2.046170E+02  3.358527E+02
1.158854E+00  2.033352E+02  3.340856E+02
1.164063E+00  2.020590E+02  3.323235E+02
1.169271E+00  2.007883E+02  3.305662E+02
1.174479E+00  1.995230E+02  3.288139E+02
1.179688E+00  1.982634E+02  3.270664E+02
1.184896E+00  1.970094E+02  3.253240E+02
1.190104E+00  1.957610E+02  3.235865E+02
1.195313E+00  1.945181E+02  3.218539E+02
1.200521E+00  1.932808E+02  3.201264E+02
1.205729E+00  1.920490E+02  3.184039E+02
1.210938E+00  1.908227E+02  3.166864E+02
1.216146E+00  1.896019E+02  3.149739E+02
1.221354E+00  1.883866E+02  3.132664E+02
1.226563E+00  1.871769E+02  3.115641E+02
1.231771E+00  1.859727E+02  3.098668E+02
1.236979E+00  1.847739E+02  3.081746E+02
1.242188E+00  1.835807E+02  3.064875E+02
1.247396E+00  1.823929E+02  3.048056E+02
1.252604E+00  1.812106E+02  3.031287E+02
1.257813E+00  1.800338E+02  3.014570E+02
1.263021E+00  1.788624E+02  2.997905E+02
1.268229E+00  1.776965E+02  2.981292E+02
1.273438E+00  1.765361E+02  2.964730E+02
1.278646E+00  1.753811E+02  2.948220E+02
1.283854E+00  1.742315E+02  2.931763E+02
1.289063E+00  1.730873E+02  2.915357E+02
1.294271E+00  1.719486E+02  2.899004E+02
1.299479E+00  1.708153E+02  2.882703E+02
1.304688E+00  1.696874E+02  2.866455E+02
1.309896E+00  1.685649E+02  2.850260E+02
1.315104E+00  1.674474E+02  2.834116E+02
1.320313E+00  1.663356E+02  2.818026E+02
1.325521E+00  1.652292E+02  2.801989E+02
1.330729E+00  1.641283E+02  2.786005E+02
1.335938E+00  1.630326E+02  2.770075E+02
1.341146E+00  1.619423E+02  2.754197E+02
1.346354E+00  1.608574E+02  2.738373E+02
1.351563E+00  1.597778E+02  2.722603E+02
1.356771E+00  1.587036E+02  2.706886E+02
1.361979E+00  1.576346E+02  2.691223E+02
1.367188E+00  1.565710E+02  2.675613E+02
1.372396E+00  1.555126E+02  2.660058E+02
1.377604E+00  1.544596E+02  2.644556E+02
1.382813E+00  1.534119E+02  2.629108E+02
1.388021E+00  1.523694E+02  2.613714E+02
1.393229E+00  1.513322E+02  2.598375E+02
1.398438E+00  1.503003E+02  2.583089E+02
1.403646E+00  1.492736E+02  2.567858E+02
1.408854E+00  1.482522E+02  2.552682E+02
1.414063E+00  1.472360E+02  2.537559E+02
1.419271E+00  1.462251E+02  2.522492E+02
1.424479E+00  1.452194E+02  2.507479E+02
1.429688E+00  1.442189E+02  2.492520E+02
1.434896E+00  1.432236E+02  2.477616E+02
1.440104E+00  1.422335E+02  2.462767E+02
1.445313E+00  1.412485E+02  2.447973E+02
1.450521E+00  1.402688E+02  2.433234E+02
1.455729E+00  1.392943E+02  2.418550E+02
1.460938E+00  1.383241E+02  2.403919E+02
1.466146E+00  1.373598E+02  2.389344E+02
1.471354E+00  1.364007E+02  2.374825E+02
1.476563E+00  1.354467E+02  2.360361E+02
1.481771E+00  1.344978E+02  2.345952E+02
1.486979E+00  1.335541E+02  2.331598E+02
1.492188E+00  1.326155E+02  2.317300E+02
1.497396E+00  1.316819E+02  2.303056E+02
1.502604E+00  1.307535E+02  2.288868E+02
1.507813E+00  1.298302E+02  2.274736E+02
1.513021E+00  1.289120E+02  2.260659E+02
1.518229E+00  1.279988E+02  2.246637E+02
1.523438E+00  1.270907E+02  2.232671E+02
1.528646E+00  1.261876E+02  2.218760E+02
1.533854E+00  1.252896E+02  2.204904E+02
1.539063E+00  1.243966E+02  2.191105E+02
1.544271E+00  1.235087E+02  2.177360E+02
1.549479E+00  1.226258E+02  2.163671E+02
1.554688E+00  1.217479E+02  2.150038E+02
1.559896E+00  1.208750E+02  2.136461E+02
1.565104E+00  1.200071E+02  2.122939E+02
1.570313E+00  1.191442E+02  2.109472E+02
1.575521E+00  1.182863E+02  2.096062E+02
1.580729E+00  1.174333E+02  2.082707E+02
1.585938E+00  1.165850E+02  2.069407E+02
1.591146E+00  1.157420E+02  2.056163E+02
1.596354E+00  1.149039E+02  2.042975E+02
1.601563E+00  1.140708E+02  2.029842E+02
1.606771E+00  1.132427E+02  2.016765E+02
1.611979E+00  1.124180E+02  2.003741E+02
1.617188E+00  1.115996E+02  1.990776E+02
1.622396E+00  1.107862E+02  1.977865E+02
1.627604E+00  1.099777E+02  1.965011E+02
1.632813E+00  1.091741E+02  1.952212E+02
1.638021E+00  1.083753E+02  1.939468E+02
1.643229E+00  1.075815E+02  1.926780E+02
1.648438E+00  1.067926E+02  1.914148E+02
1.653646E+00  1.060086E+02  1.901571E+02
1.658854E+00  1.052294E+02  1.889049E+02
1.664063E+00  1.044551E+02  1.876584E+02
1.669271E+00  1.036857E+02  1.864173E+02
1.674479E+00  1.029212E+02  1.851818E+02
1.679688E+00  1.021615E+02  1.839518E+02
1.684896E+00  1.014067E+02  1.827274E+02
1.690104E+00  1.006567E+02  1.815085E+02
1.695313E+00  9.991155E+01  1.802951E+02
1.700521E+00  9.917126E+01  1.790873E+02
1.705729E+00  9.843583E+01  1.778849E+02
1.710938E+00  9.770521E+01  1.766881E+02
1.716146E+00  9.697943E+01  1.754968E+02
1.721354E+00  9.625848E+01  1.743110E+02
1.726563E+00  9.554235E+01  1.731308E+02
1.731771E+00  9.483105E+01  1.719560E+02
1.736979E+00  9.412457E+01  1.707867E+02
1.742188E+00  9.342292E+01  1.696229E+02
1.747396E+00  9.272608E+01  1.684646E+02
1.752604E+00  9.203406E+01  1.673118E+02
1.757813E+00  9.134686E+01  1.661644E+02
1.763021E+00  9.066448E+01  1.650225E+02
1.768229E+00  8.998402E+01  1.638856E+02
1.773438E+00  8.931118E+01  1.627546E+02
1.778646E+00  8.864315E+01  1.616291E+02
1.783854E+00  8.797994E+01  1.605090E+02
1.789063E+00  8.732155E+01  1.593944E+02
1.794271E+00  8.666798E+01  1.582851E+02
1.799479E+00  8.601923E+01  1.571813E+02
1.804688E+00  8.537530E+01  1.560830E+02
1.809896E+00  8.473619E+01  1.549900E+02
1.815104E+00  8.410192E+01  1.539024E+02
1.820313E+00  8.347248E+01  1.528203E+02
1.825521E+00  8.284787E+01  1.517435E+02
1.830729E+00  8.222810E+01  1.506721E+02
1.835938E+00  8.161318E+01  1.496061E+02
1.841146E+00  8.100311E+01  1.485454E+02
1.846354E+00  8.039790E+01  1.474901E+02
1.851563E+00  7.979754E+01  1.464402E+02
1.856771E+00  7.920206E+01  1.453956E+02
1.861979E+00  7.861144E+01  1.443563E+02
1.867188E+00  7.802572E+01  1.433223E+02
1.872396E+00  7.744488E+01  1.422937E+02
1.877604E+00  7.686893E+01  1.412704E+02
1.882813E+00  7.629790E+01  1.402523E+02
1.888021E+00  7.573178E+01  1.392396E+02
1.893229E+00  7.517058E+01  1.382321E+02
1.898438E+00  7.461432E+01  1.372299E+02
1.903646E+00  7.406301E+01  1.362330E+02
1.908854E+00  7.351665E+01  1.352413E+02
1.914063E+00  7.297526E+01  1.342548E+02
1.919271E+00  7.243917E+01  1.332736E+02
1.924479E+00  7.190775E+01  1.322976E+02
1.929688E+00  7.138134E+01  1.313268E+02
1.934896E+00  7.085392E+01  1.303603E+02
1.940104E+00  7.033737E+01  1.293998E+02
1.945313E+00  6.982586E+01  1.284446E+02
1.950521E+00  6.931940E+01  1.274945E+02
1.955729E+00  6.881801E+01  1.265495E+02
1.960938E+00  6.832170E+01  1.256097E+02
1.966146E+00  6.783049E+01  1.246751E+02
1.971354E+00  6.734439E+01  1.237455E+02
1.976563E+00  6.686341E+01  1.228211E+02
1.981771E+00  6.638758E+01  1.219018E+02
1.986979E+00  6.591691E+01  1.209875E+02
1.992188E+00  6.545141E+01  1.200784E+02
1.997396E+00  6.499110E+01  1.191743E+02
2.002604E+00  6.453600E+01  1.182752E+02
2.007812E+00  6.408612E+01  1.173812E+02
2.013021E+00  6.364148E+01  1.164923E+02
2.018229E+00  6.320210E+01  1.156083E+02
2.023437E+00  6.276799E+01  1.147293E+02
2.028646E+00  6.233917E+01  1.138554E+02
2.033854E+00  6.191566E+01  1.129864E+02
2.039062E+00  6.149747E+01  1.121224E+02
2.044271E+00  6.108461E+01  1.112633E+02
2.049479E+00  6.067711E+01  1.104092E+02
2.054687E+00  6.027498E+01  1.095600E+02
2.059896E+00  5.987823E+01  1.087157E+02
2.065104E+00  5.948688E+01  1.078763E+02
2.070312E+00  5.910095E+01  1.070418E+02
2.075521E+00  5.872044E+01  1.062122E+02
2.080729E+00  5.834536E+01  1.053875E+02
2.085937E+00  5.797574E+01  1.045676E+02
2.091146E+00  5.761158E+01  1.037525E+02
2.096354E+00  5.725289E+01  1.029423E+02
2.101562E+00  5.688794E+01  1.021348E+02
2.106771E+00  5.653992E+01  1.013341E+02
2.111979E+00  5.619738E+01  1.005382E+02
2.117187E+00  5.586035E+01  9.974700E+01
2.122396E+00  5.552881E+01  9.896059E+01
2.127604E+00  5.520279E+01  9.817892E+01
2.132812E+00  5.488227E+01  9.740197E+01
2.138021E+00  5.456726E+01  9.662974E+01
2.143229E+00  5.425777E+01  9.586219E+01
2.148437E+00  5.395378E+01  9.509933E+01
2.153646E+00  5.365530E+01  9.434113E+01
2.158854E+00  5.336231E+01  9.358758E+01
2.164062E+00  5.307482E+01  9.283867E+01
2.169271E+00  5.279281E+01  9.209439E+01
2.174479E+00  5.251628E+01  9.135471E+01
2.179687E+00  5.224520E+01  9.061962E+01
2.184896E+00  5.197957E+01  8.988912E+01
2.190104E+00  5.171937E+01  8.916317E+01
2.195312E+00  5.146458E+01  8.844178E+01
2.200521E+00  5.121518E+01  8.772492E+01
2.205729E+00  5.097114E+01  8.701258E+01
2.210937E+00  5.073245E+01  8.630474E+01
2.216146E+00  5.049906E+01  8.560140E+01
2.221354E+00  5.027097E+01  8.490252E+01
2.226562E+00  5.004812E+01  8.420811E+01
2.231771E+00  4.983050E+01  8.351814E+01
2.236979E+00  4.961806E+01  8.283260E+01
2.242187E+00  4.941076E+01  8.215147E+01
2.247396E+00  4.920856E+01  8.147475E+01
2.252604E+00  4.901143E+01  8.080240E+01
2.257812E+00  4.881932E+01  8.013443E+01
2.263021E+00  4.863218E+01  7.947080E+01
2.268229E+00  4.844995E+01  7.881152E+01
2.273437E+00  4.827260E+01  7.815655E+01
2.278646E+00  4.808038E+01  7.750119E+01
2.283854E+00  4.791226E+01  7.685468E+01
2.289062E+00  4.774885E+01  7.621243E+01
2.294271E+00  4.759010E+01  7.557444E+01
2.299479E+00  4.743592E+01  7.494069E+01
2.304687E+00  4.728628E+01  7.431117E+01
2.309896E+00  4.714110E+01  7.368585E+01
2.315104E+00  4.700032E+01  7.306473E+01
2.320312E+00  4.686388E+01  7.244779E+01
2.325521E+00  4.673170E+01  7.183500E+01
2.330729E+00  4.660373E+01  7.122637E+01
2.335937E+00  4.647988E+01  7.062187E+01
2.341146E+00  4.636009E+01  7.002148E+01
2.346354E+00  4.624429E+01  6.942519E+01
2.351562E+00  4.613241E+01  6.883299E+01
2.356771E+00  4.602438E+01  6.824486E+01
2.361979E+00  4.592012E+01  6.766078E+01
2.367187E+00  4.581955E+01  6.708074E+01
2.372396E+00  4.572261E+01  6.650473E+01
2.377604E+00  4.562922E+01  6.593272E+01
2.382812E+00  4.553931E+01  6.536470E+01
2.388021E+00  4.545279E+01  6.480066E+01
2.393229E+00  4.536961E+01  6.424059E+01
2.398437E+00  4.528967E+01  6.368446E+01
2.403646E+00  4.521292E+01  6.313226E+01
2.408854E+00  4.514139E+01  6.258397E+01
2.414062E+00  4.507076E+01  6.203959E+01
2.419271E+00  4.500308E+01  6.149909E+01
2.424479E+00  4.493829E+01  6.096247E+01
2.429687E+00  4.487632E+01  6.042970E+01
2.434896E+00  4.481708E+01  5.990077E+01
2.440104E+00  4.475845E+01  5.937567E+01
2.445312E+00  4.470449E+01  5.885437E+01
2.450521E+00  4.465306E+01  5.833688E+01
2.455729E+00  4.460409E+01  5.782317E+01
2.460937E+00  4.453247E+01  5.730146E+01
2.466146E+00  4.448799E+01  5.679487E+01
2.471354E+00  4.444578E+01  5.629201E+01
2.476562E+00  4.440576E+01  5.579287E+01
2.481771E+00  4.436788E+01  5.529741E+01
2.486979E+00  4.433207E+01  5.480564E+01
2.492187E+00  4.429827E+01  5.431754E+01
2.497396E+00  4.426643E+01  5.383309E+01
2.502604E+00  4.423648E+01  5.335228E+01
2.507812E+00  4.420836E+01  5.287509E+01
2.513021E+00  4.418202E+01  5.240151E+01
2.518229E+00  4.415740E+01  5.193153E+01
2.523437E+00  4.413445E+01  5.146514E+01
2.528646E+00  4.411311E+01  5.100231E+01
2.533854E+00  4.409334E+01  5.054304E+01
2.539062E+00  4.407508E+01  5.008731E+01
2.544271E+00  4.405828E+01  4.963512E+01
2.549479E+00  4.404289E+01  4.918643E+01
2.554687E+00  4.402888E+01  4.874126E+01
2.559896E+00  4.401618E+01  4.829957E+01
2.565104E+00  4.400476E+01  4.786136E+01
2.570312E+00  4.399457E+01  4.742662E+01
2.575521E+00  4.398558E+01  4.699533E+01
2.580729E+00  4.397773E+01  4.656748E+01
2.585937E+00  4.397099E+01  4.614307E+01
2.591146E+00  4.396533E+01  4.572207E+01
2.596354E+00  4.396070E+01  4.530448E+01
2.601562E+00  4.395706E+01  4.489028E+01
2.606771E+00  4.395438E+01  4.447947E+01
2.611979E+00  4.395263E+01  4.407203E+01
2.617187E+00  4.395177E+01  4.366796E+01
2.622396E+00  4.395178E+01  4.326724E+01
2.627604E+00  4.395260E+01  4.286987E+01
2.632812E+00  4.395423E+01  4.247583E+01
2.638021E+00  4.395663E+01  4.208511E+01
2.643229E+00  4.395976E+01  4.169771E+01
2.648437E+00  4.393727E+01  4.128187E+01
2.653646E+00  4.394165E+01  4.089998E+01
2.658854E+00  4.394670E+01  4.052135E+01
2.664062E+00  4.395237E+01  4.014596E+01
2.669271E+00  4.395866E+01  3.977380E+01
2.674479E+00  4.396553E+01  3.940488E+01
2.679687E+00  4.397297E+01  3.903916E+01
2.684896E+00  4.398095E+01  3.867666E+01
2.690104E+00  4.398945E+01  3.831736E+01
2.695312E+00  4.399845E+01  3.796125E+01
2.700521E+00  4.400793E+01  3.760834E+01
2.705729E+00  4.401787E+01  3.725860E+01
2.710937E+00  4.402826E+01  3.691204E+01
2.716146E+00  4.403907E+01  3.656864E+01
2.721354E+00  4.405028E+01  3.622841E+01
2.726562E+00  4.406189E+01  3.589134E+01
2.731771E+00  4.407387E+01  3.555742E+01
2.736979E+00  4.408621E+01  3.522666E+01
2.742187E+00  4.409890E+01  3.489904E+01
2.747396E+00  4.411192E+01  3.457456E+01
2.752604E+00  4.412525E+01  3.425322E+01
2.757812E+00  4.413889E+01  3.393501E+01
2.763021E+00  4.415281E+01  3.361995E+01
2.768229E+00  4.416702E+01  3.330801E+01
2.773437E+00  4.418149E+01  3.299921E+01
2.778646E+00  4.419622E+01  3.269354E+01
2.783854E+00  4.421119E+01  3.239100E+01
2.789062E+00  4.422639E+01  3.209159E+01
2.794271E+00  4.424181E+01  3.179532E+01
2.799479E+00  4.425745E+01  3.150218E+01
2.804687E+00  4.427330E+01  3.121218E+01
2.809896E+00  4.428934E+01  3.092532E+01
2.815104E+00  4.430556E+01  3.064160E+01
2.820312E+00  4.432196E+01  3.036102E+01
2.825521E+00  4.433853E+01  3.008359E+01
2.830729E+00  4.435526E+01  2.980932E+01
2.835937E+00  4.437215E+01  2.953820E+01
2.841146E+00  4.436336E+01  2.917986E+01
2.846354E+00  4.438043E+01  2.891206E+01
2.851562E+00  4.439762E+01  2.864733E+01
2.856771E+00  4.441494E+01  2.838570E+01
2.861979E+00  4.443238E+01  2.812715E+01
2.867187E+00  4.444994E+01  2.787171E+01
2.872396E+00  4.446760E+01  2.761937E+01
2.877604E+00  4.448537E+01  2.737015E+01
2.882812E+00  4.450324E+01  2.712404E+01
2.888021E+00  4.452120E+01  2.688107E+01
2.893229E+00  4.453925E+01  2.664123E+01
2.898437E+00  4.455738E+01  2.640453E+01
2.903646E+00  4.457559E+01  2.617099E+01
2.908854E+00  4.459388E+01  2.594062E+01
2.914062E+00  4.461224E+01  2.571342E+01
2.919271E+00  4.463067E+01  2.548940E+01
2.924479E+00  4.464916E+01  2.526857E+01
2.929687E+00  4.466771E+01  2.505095E+01
2.934896E+00  4.468632E+01  2.483655E+01
2.940104E+00  4.470498E+01  2.462537E+01
2.945312E+00  4.472369E+01  2.441743E+01
2.950521E+00  4.474245E+01  2.421274E+01
2.955729E+00  4.476125E+01  2.401131E+01
2.960937E+00  4.478010E+01  2.381315E+01
2.966146E+00  4.479898E+01  2.361827E+01
2.971354E+00  4.481790E+01  2.342669E+01
2.976562E+00  4.483685E+01  2.323839E+01
2.981771E+00  4.485583E+01  2.305342E+01
2.986979E+00  4.487484E+01  2.287178E+01
2.992187E+00  4.489388E+01  2.269346E+01
2.997396E+00  4.491294E+01  2.251849E+01
3.002604E+00  4.493202E+01  2.234687E+01
3.007812E+00  4.495113E+01  2.217860E+01
3.013021E+00  4.497025E+01  2.201370E+01
3.018229E+00  4.498940E+01  2.185217E+01
3.023437E+00  4.500855E+01  2.169401E+01
3.028646E+00  4.502772E+01  2.153923E+01
3.033854E+00  4.504691E+01  2.138783E+01
3.039062E+00  4.504123E+01  2.099837E+01
3.044271E+00  4.506034E+01  2.084732E+01
3.049479E+00  4.507946E+01  2.069956E+01
3.054687E+00  4.509858E+01  2.055511E+01
3.059896E+00  4.511771E+01  2.041395E+01
3.065104E+00  4.513684E+01  2.027609E+01
3.070312E+00  4.515597E+01  2.014152E+01
3.075521E+00  4.517511E+01  2.001024E+01
3.080729E+00  4.519425E+01  1.988224E+01
3.085937E+00  4.521339E+01  1.975752E+01
3.091146E+00  4.523252E+01  1.963606E+01
3.096354E+00  4.525166E+01  1.951786E+01
3.101562E+00  4.527079E+01  1.940289E+01
3.106771E+00  4.528992E+01  1.929116E+01
3.111979E+00  4.530905E+01  1.918263E+01
3.117187E+00  4.532817E+01  1.907729E+01
3.122396E+00  4.534728E+01  1.897512E+01
3.127604E+00  4.536667E+01  1.887990E+01
3.132812E+00  4.538577E+01  1.878406E+01
3.138021E+00  4.540486E+01  1.869131E+01
3.143229E+00  4.542395E+01  1.860163E+01
3.148437E+00  4.544303E+01  1.851498E+01
3.153646E+00  4.546210E+01  1.843133E+01
3.158854E+00  4.548116E+01  1.835064E+01
3.164062E+00  4.550021E+01  1.827287E+01
3.169271E+00  4.551924E+01  1.819799E+01
3.174479E+00  4.553827E+01  1.812595E+01
3.179687E+00  4.555729E+01  1.805671E+01
3.184896E+00  4.557629E+01  1.799024E+01
3.190104E+00  4.559528E+01  1.792648E+01
3.195312E+00  4.561426E+01  1.786538E+01
3.200521E+00  4.563323E+01  1.780690E+01
3.205729E+00  4.565218E+01  1.775099E+01
3.210937E+00  4.567112E+01  1.769759E+01
3.216146E+00  4.569005E+01  1.764666E+01
3.221354E+00  4.570896E+01  1.759815E+01
3.226562E+00  4.572786E+01  1.755199E+01
3.231771E+00  4.574674E+01  1.750814E+01
3.236979E+00  4.576561E+01  1.746654E+01
3.242187E+00  4.576057E+01  1.697712E+01
3.247396E+00  4.577932E+01  1.693452E+01
3.252604E+00  4.579806E+01  1.689411E+01
3.257812E+00  4.581678E+01  1.685584E+01
3.263021E+00  4.583548E+01  1.681965E+01
3.268229E+00  4.585417E+01  1.678549E+01
3.273437E+00  4.587284E+01  1.675330E+01
3.278646E+00  4.589121E+01  1.671708E+01
3.283854E+00  4.590985E+01  1.668863E+01
3.289062E+00  4.592847E+01  1.666200E+01
3.294271E+00  4.594707E+01  1.663712E+01
3.299479E+00  4.596566E+01  1.661395E+01
3.304687E+00  4.598423E+01  1.659243E+01
3.309896E+00  4.600279E+01  1.657252E+01
3.315104E+00  4.602132E+01  1.655416E+01
3.320312E+00  4.603984E+01  1.653729E+01
3.325521E+00  4.605834E+01  1.652188E+01
3.330729E+00  4.607683E+01  1.650787E+01
3.335937E+00  4.609530E+01  1.649521E+01
3.341146E+00  4.611375E+01  1.648385E+01
3.346354E+00  4.613218E+01  1.647376E+01
3.351562E+00  4.615059E+01  1.646487E+01
3.356771E+00  4.616899E+01  1.645716E+01
3.361979E+00  4.618737E+01  1.645056E+01
3.367187E+00  4.620573E+01  1.644506E+01
3.372396E+00  4.622407E+01  1.644059E+01
3.377604E+00  4.624240E+01  1.643713E+01
3.382812E+00  4.626071E+01  1.643463E+01
3.388021E+00  4.627900E+01  1.643306E+01
3.393229E+00  4.629727E+01  1.643237E+01
3.398437E+00  4.631552E+01  1.643253E+01
3.403646E+00  4.633376E+01  1.643352E+01
3.408854E+00  4.635198E+01  1.643528E+01
3.414062E+00  4.637018E+01  1.643780E+01
3.419271E+00  4.638836E+01  1.644105E+01
3.424479E+00  4.640653E+01  1.644498E+01
3.429687E+00  4.642467E+01  1.644957E+01
3.434896E+00  4.644280E+01  1.645480E+01
3.440104E+00  4.646091E+01  1.646063E+01
3.445312E+00  4.647901E+01  1.646705E+01
3.450521E+00  4.647412E+01  1.593191E+01
3.455729E+00  4.649210E+01  1.593762E+01
3.460937E+00  4.651006E+01  1.594387E+01
3.466146E+00  4.652800E+01  1.595067E+01
3.471354E+00  4.654593E+01  1.595798E+01
3.476562E+00  4.656383E+01  1.596576E+01
3.481771E+00  4.658173E+01  1.597402E+01
3.486979E+00  4.659960E+01  1.598273E+01
3.492187E+00  4.661745E+01  1.599185E+01
3.497396E+00  4.663529E+01  1.600138E+01
3.502604E+00  4.665310E+01  1.601130E+01
3.507812E+00  4.667090E+01  1.602159E+01
3.513021E+00  4.668869E+01  1.603222E+01
3.518229E+00  4.670645E+01  1.604320E+01
3.523437E+00  4.672420E+01  1.605450E+01
3.528646E+00  4.674193E+01  1.606610E+01
3.533854E+00  4.675964E+01  1.607799E+01
3.539062E+00  4.677733E+01  1.609016E+01
3.544271E+00  4.679501E+01  1.610260E+01
3.549479E+00  4.681267E+01  1.611528E+01
3.554687E+00  4.683031E+01  1.612820E+01
3.559896E+00  4.684793E+01  1.614135E+01
3.565104E+00  4.686554E+01  1.615472E+01
3.570312E+00  4.688312E+01  1.616829E+01
3.575521E+00  4.690069E+01  1.618207E+01
3.580729E+00  4.691825E+01  1.619603E+01
3.585937E+00  4.693578E+01  1.621016E+01
3.591146E+00  4.695330E+01  1.622446E+01
3.596354E+00  4.697080E+01  1.623893E+01
3.601562E+00  4.698829E+01  1.625354E+01
3.606771E+00  4.700575E+01  1.626830E+01
3.611979E+00  4.702320E+01  1.628320E+01
3.617187E+00  4.704064E+01  1.629822E+01
3.622396E+00  4.705805E+01  1.631337E+01
3.627604E+00  4.707545E+01  1.632865E+01
3.632812E+00  4.709283E+01  1.634403E+01
3.638021E+00  4.711019E+01  1.635951E+01
3.643229E+00  4.712754E+01  1.637510E+01
3.648437E+00  4.714487E+01  1.639079E+01
3.653646E+00  4.716219E+01  1.640655E+01
3.658854E+00  4.717948E+01  1.642241E+01
3.664062E+00  4.717467E+01  1.588881E+01
3.669271E+00  4.719186E+01  1.590407E+01
3.674479E+00  4.720903E+01  1.591942E+01
3.679687E+00  4.722619E+01  1.593484E+01
3.684896E+00  4.724334E+01  1.595034E+01
3.690104E+00  4.726046E+01  1.596591E+01
3.695312E+00  4.727757E+01  1.598154E+01
3.700521E+00  4.729466E+01  1.599723E+01
3.705729E+00  4.731174E+01  1.601298E+01
3.710937E+00  4.732880E+01  1.602879E+01
3.716146E+00  4.734584E+01  1.604465E+01
3.721354E+00  4.736287E+01  1.606056E+01
3.726562E+00  4.737987E+01  1.607651E+01
3.731771E+00  4.739687E+01  1.609252E+01
3.736979E+00  4.741384E+01  1.610855E+01
3.742187E+00  4.743080E+01  1.612464E+01
3.747396E+00  4.744775E+01  1.614075E+01
3.752604E+00  4.746469E+01  1.615691E+01
3.757812E+00  4.748159E+01  1.617278E+01
3.763021E+00  4.749848E+01  1.618899E+01
3.768229E+00  4.751536E+01  1.620522E+01
3.773437E+00  4.753223E+01  1.622147E+01
3.778646E+00  4.754907E+01  1.623776E+01
3.783854E+00  4.756590E+01  1.625406E+01
3.789062E+00  4.758272E+01  1.627038E+01
3.794271E+00  4.759952E+01  1.628673E+01
3.799479E+00  4.761630E+01  1.630310E+01
3.804687E+00  4.763307E+01  1.631948E+01
3.809896E+00  4.764982E+01  1.633588E+01
3.815104E+00  4.766656E+01  1.635230E+01
3.820312E+00  4.768328E+01  1.636873E+01
3.825521E+00  4.770150E+01  1.642256E+01
3.830729E+00  4.771818E+01  1.643866E+01
3.835937E+00  4.773484E+01  1.645478E+01
3.841146E+00  4.775149E+01  1.647091E+01
3.846354E+00  4.776812E+01  1.648705E+01
3.851562E+00  4.778473E+01  1.650321E+01
3.856771E+00  4.780133E+01  1.651937E+01
3.861979E+00  4.781791E+01  1.653554E+01
3.867187E+00  4.783448E+01  1.655173E+01
3.872396E+00  4.785104E+01  1.656792E+01
3.877604E+00  4.786757E+01  1.658412E+01
3.882812E+00  4.786281E+01  1.606443E+01
3.888021E+00  4.787926E+01  1.608005E+01
3.893229E+00  4.789569E+01  1.609568E+01
3.898437E+00  4.791073E+01  1.607527E+01
3.903646E+00  4.792714E+01  1.609127E+01
3.908854E+00  4.794354E+01  1.610727E+01
3.914062E+00  4.795991E+01  1.612328E+01
3.919271E+00  4.797628E+01  1.613928E+01
3.924479E+00  4.799263E+01  1.615529E+01
3.929687E+00  4.800896E+01  1.617130E+01
3.934896E+00  4.802528E+01  1.618731E+01
3.940104E+00  4.804158E+01  1.620333E+01
3.945312E+00  4.805787E+01  1.621933E+01
3.950521E+00  4.807414E+01  1.623535E+01
3.955729E+00  4.809040E+01  1.625136E+01
3.960937E+00  4.810665E+01  1.626738E+01
3.966146E+00  4.812287E+01  1.628339E+01
3.971354E+00  4.813909E+01  1.629940E+01
3.976562E+00  4.815529E+01  1.631541E+01
3.981771E+00  4.817147E+01  1.633142E+01
3.986979E+00  4.818764E+01  1.634743E+01
3.992187E+00  4.820380E+01  1.636344E+01
3.997396E+00  4.821994E+01  1.637945E+01
4.002604E+00  4.823606E+01  1.639545E+01
4.007813E+00  4.825218E+01  1.641145E+01
4.013021E+00  4.826827E+01  1.642745E+01
4.018229E+00  4.828436E+01  1.644345E+01
4.023438E+00  4.830043E+01  1.645944E+01
4.028646E+00  4.831648E+01  1.647543E+01
4.033854E+00  4.833252E+01  1.649142E+01
4.039063E+00  4.834854E+01  1.650741E+01
4.044271E+00  4.836456E+01  1.652339E+01
4.049479E+00  4.838055E+01  1.653937E+01
4.054688E+00  4.839653E+01  1.655535E+01
4.059896E+00  4.841250E+01  1.657132E+01
4.065104E+00  4.842846E+01  1.658728E+01
4.070313E+00  4.844440E+01  1.660326E+01
4.075521E+00  4.846032E+01  1.661922E+01
4.080729E+00  4.847624E+01  1.663518E+01
4.085938E+00  4.849213E+01  1.665113E+01
4.091146E+00  4.850802E+01  1.666708E+01
4.096354E+00  4.852389E+01  1.668303E+01
4.101563E+00  4.853974E+01  1.669898E+01
4.106771E+00  4.853505E+01  1.618751E+01
4.111979E+00  4.855082E+01  1.620294E+01
4.117188E+00  4.856658E+01  1.621838E+01
4.122396E+00  4.858232E+01  1.623380E+01
4.127604E+00  4.859805E+01  1.624923E+01
4.132813E+00  4.861377E+01  1.626464E+01
4.138021E+00  4.862947E+01  1.628006E+01
4.143229E+00  4.864516E+01  1.629547E+01
4.148438E+00  4.866083E+01  1.631087E+01
4.153646E+00  4.867649E+01  1.632627E+01
4.158854E+00  4.869213E+01  1.634167E+01
4.164063E+00  4.870777E+01  1.635706E+01
4.169271E+00  4.872339E+01  1.637245E+01
4.174479E+00  4.873899E+01  1.638784E+01
4.179688E+00  4.875458E+01  1.640321E+01
4.184896E+00  4.877016E+01  1.641859E+01
4.190104E+00  4.878573E+01  1.643396E+01
4.195313E+00  4.880128E+01  1.644933E+01
4.200521E+00  4.881682E+01  1.646469E+01
4.205729E+00  4.883234E+01  1.648005E+01
4.210938E+00  4.884785E+01  1.649541E+01
4.216146E+00  4.886335E+01  1.651076E+01
4.221354E+00  4.887884E+01  1.652610E+01
4.226563E+00  4.889431E+01  1.654144E+01
4.231771E+00  4.890977E+01  1.655677E+01
4.236979E+00  4.892521E+01  1.657210E+01
4.242188E+00  4.894064E+01  1.658744E+01
4.247396E+00  4.895606E+01  1.660276E+01
4.252604E+00  4.897147E+01  1.661808E+01
4.257813E+00  4.898686E+01  1.663339E+01
4.263021E+00  4.900224E+01  1.664870E+01
4.268229E+00  4.901761E+01  1.666401E+01
4.273438E+00  4.903296E+01  1.667931E+01
4.278646E+00  4.904830E+01  1.669460E+01
4.283854E+00  4.906363E+01  1.670989E+01
4.289063E+00  4.907894E+01  1.672518E+01
4.294271E+00  4.909425E+01  1.674046E+01
4.299479E+00  4.910953E+01  1.675574E+01
4.304688E+00  4.912481E+01  1.677102E+01
4.309896E+00  4.914007E+01  1.678629E+01
4.315104E+00  4.915533E+01  1.680155E+01
4.320313E+00  4.917056E+01  1.681681E+01
4.325521E+00  4.918579E+01  1.683207E+01
4.330729E+00  4.920100E+01  1.684732E+01
4.335938E+00  4.919638E+01  1.634680E+01
4.341146E+00  4.921151E+01  1.636159E+01
4.346354E+00  4.922663E+01  1.637636E+01
4.351563E+00  4.924174E+01  1.639114E+01
4.356771E+00  4.925684E+01  1.640591E+01
4.361979E+00  4.927192E+01  1.642067E+01
4.367188E+00  4.928700E+01  1.643543E+01
4.372396E+00  4.930205E+01  1.645019E+01
4.377604E+00  4.931710E+01  1.646494E+01
4.382813E+00  4.933213E+01  1.647970E+01
4.388021E+00  4.934716E+01  1.649444E+01
4.393229E+00  4.936216E+01  1.650918E+01
4.398438E+00  4.937716E+01  1.652392E+01
4.403646E+00  4.939215E+01  1.653865E+01
4.408854E+00  4.940712E+01  1.655338E+01
4.414063E+00  4.942208E+01  1.656811E+01
4.419271E+00  4.943702E+01  1.658283E+01
4.424479E+00  4.945196E+01  1.659755E+01
4.429688E+00  4.946688E+01  1.661226E+01
4.434896E+00  4.948179E+01  1.662697E+01
4.440104E+00  4.949669E+01  1.664168E+01
4.445313E+00  4.951158E+01  1.665638E+01
4.450521E+00  4.952645E+01  1.667108E+01
4.455729E+00  4.954132E+01  1.668578E+01
4.460938E+00  4.955617E+01  1.670047E+01
4.466146E+00  4.957100E+01  1.671515E+01
4.471354E+00  4.958583E+01  1.672984E+01
4.476563E+00  4.960064E+01  1.674452E+01
4.481771E+00  4.961545E+01  1.675920E+01
4.486979E+00  4.963024E+01  1.677388E+01
4.492188E+00  4.964501E+01  1.678854E+01
4.497396E+00  4.965978E+01  1.680321E+01
4.502604E+00  4.967454E+01  1.681787E+01
4.507813E+00  4.968928E+01  1.683253E+01
4.513021E+00  4.970401E+01  1.684719E+01
4.518229E+00  4.971873E+01  1.686185E+01
4.523438E+00  4.973344E+01  1.687650E+01
4.528646E+00  4.974813E+01  1.689114E+01
4.533854E+00  4.976282E+01  1.690579E+01
4.539063E+00  4.977749E+01  1.692043E+01
4.544271E+00  4.979218E+01  1.693507E+01
4.549479E+00  4.980680E+01  1.694881E+01
4.554688E+00  4.982144E+01  1.696341E+01
4.559896E+00  4.983606E+01  1.697800E+01
4.565104E+00  4.983156E+01  1.648827E+01
4.570313E+00  4.984612E+01  1.650243E+01
4.575521E+00  4.986066E+01  1.651657E+01
4.580729E+00  4.987519E+01  1.653071E+01
4.585938E+00  4.988971E+01  1.654486E+01
4.591146E+00  4.990422E+01  1.655900E+01
4.596354E+00  4.991872E+01  1.657313E+01
4.601563E+00  4.993320E+01  1.658726E+01
4.606771E+00  4.994767E+01  1.660138E+01
4.611979E+00  4.996214E+01  1.661550E+01
4.617188E+00  4.997659E+01  1.662962E+01
4.622396E+00  4.999103E+01  1.664373E+01
4.627604E+00  5.000545E+01  1.665784E+01
4.632813E+00  5.001987E+01  1.667195E+01
4.638021E+00  5.003428E+01  1.668605E+01
4.643229E+00  5.004867E+01  1.670014E+01
4.648438E+00  5.006305E+01  1.671423E+01
4.653646E+00  5.007743E+01  1.672832E+01
4.658854E+00  5.009179E+01  1.674241E+01
4.664063E+00  5.010614E+01  1.675649E+01
4.669271E+00  5.012047E+01  1.677057E+01
4.674479E+00  5.013480E+01  1.678464E+01
4.679688E+00  5.014912E+01  1.679871E+01
4.684896E+00  5.016342E+01  1.681277E+01
4.690104E+00  5.017767E+01  1.682683E+01
4.695313E+00  5.019196E+01  1.684089E+01
4.700521E+00  5.020623E+01  1.685494E+01
4.705729E+00  5.022049E+01  1.686899E+01
4.710938E+00  5.023474E+01  1.688303E+01
4.716146E+00  5.024898E+01  1.689707E+01
4.721354E+00  5.026321E+01  1.691111E+01
4.726563E+00  5.027742E+01  1.692514E+01
4.731771E+00  5.029163E+01  1.693917E+01
4.736979E+00  5.030587E+01  1.695320E+01
4.742188E+00  5.032005E+01  1.696722E+01
4.747396E+00  5.033423E+01  1.698124E+01
4.752604E+00  5.034839E+01  1.699525E+01
4.757813E+00  5.036254E+01  1.700926E+01
4.763021E+00  5.037668E+01  1.702326E+01
4.768229E+00  5.039081E+01  1.703727E+01
4.773438E+00  5.040493E+01  1.705126E+01
4.778646E+00  5.041904E+01  1.706526E+01
4.783854E+00  5.043314E+01  1.707925E+01
4.789063E+00  5.044723E+01  1.709324E+01
4.794271E+00  5.046131E+01  1.710722E+01
4.799479E+00  5.047538E+01  1.712120E+01
4.804688E+00  5.047093E+01  1.664131E+01
4.809896E+00  5.048494E+01  1.665488E+01
4.815104E+00  5.049893E+01  1.666845E+01
4.820313E+00  5.051291E+01  1.668202E+01
4.825521E+00  5.052688E+01  1.669557E+01
4.830729E+00  5.054083E+01  1.670913E+01
4.835938E+00  5.055478E+01  1.672269E+01
4.841146E+00  5.056872E+01  1.673624E+01
4.846354E+00  5.058265E+01  1.674978E+01
4.851563E+00  5.059656E+01  1.676332E+01
4.856771E+00  5.061047E+01  1.677686E+01
4.861979E+00  5.062437E+01  1.679039E+01
4.867188E+00  5.063825E+01  1.680393E+01
4.872396E+00  5.065213E+01  1.681745E+01
4.877604E+00  5.066599E+01  1.683098E+01
4.882813E+00  5.067985E+01  1.684450E+01
4.888021E+00  5.069369E+01  1.685802E+01
4.893229E+00  5.070753E+01  1.687153E+01
4.898438E+00  5.072135E+01  1.688504E+01
4.903646E+00  5.073516E+01  1.689855E+01
4.908854E+00  5.074897E+01  1.691205E+01
4.914063E+00  5.076276E+01  1.692555E+01
4.919271E+00  5.077654E+01  1.693904E+01
4.924479E+00  5.079032E+01  1.695254E+01
4.929688E+00  5.080408E+01  1.696602E+01
4.934896E+00  5.081783E+01  1.697951E+01
4.940104E+00  5.083157E+01  1.699299E+01
4.945313E+00  5.084531E+01  1.700647E+01
4.950521E+00  5.085903E+01  1.701994E+01
4.955729E+00  5.087274E+01  1.703342E+01
4.960938E+00  5.088644E+01  1.704689E+01
4.966146E+00  5.090013E+01  1.706035E+01
4.971354E+00  5.091382E+01  1.707381E+01
4.976563E+00  5.092749E+01  1.708727E+01
4.981771E+00  5.094115E+01  1.710072E+01
4.986979E+00  5.095480E+01  1.711417E+01
4.992188E+00  5.096845E+01  1.712762E+01
4.997396E+00  5.098208E+01  1.714107E+01
